\BOOKMARK [0][-]{chapter.1}{Introduction}{}% 1
\BOOKMARK [1][-]{section.1.1}{Background}{chapter.1}% 2
\BOOKMARK [1][-]{section.1.2}{Definitions}{chapter.1}% 3
\BOOKMARK [2][-]{subsection.1.2.1}{Convolutional Neural Networks \(CNN\)}{section.1.2}% 4
\BOOKMARK [2][-]{subsection.1.2.2}{Hyperparameters}{section.1.2}% 5
\BOOKMARK [2][-]{subsection.1.2.3}{Grid Search}{section.1.2}% 6
\BOOKMARK [2][-]{subsection.1.2.4}{Scaling}{section.1.2}% 7
\BOOKMARK [0][-]{chapter.2}{Literature Survey}{}% 8
\BOOKMARK [1][-]{section.2.1}{Deep Residual Learning for Image Recognition \(2015\)}{chapter.2}% 9
\BOOKMARK [1][-]{section.2.2}{Wide Residual Networks \(2017\)}{chapter.2}% 10
\BOOKMARK [1][-]{section.2.3}{GPipe: Efficient Training of Giant Neural Networks using Pipeline Parallelism \(2016\)}{chapter.2}% 11
\BOOKMARK [0][-]{chapter.3}{Problem Statement}{}% 12
\BOOKMARK [1][-]{section.3.1}{Statement}{chapter.3}% 13
\BOOKMARK [0][-]{chapter.4}{Architecture}{}% 14
\BOOKMARK [1][-]{section.4.1}{Compound Scaling}{chapter.4}% 15
\BOOKMARK [1][-]{section.4.2}{EfficientNet Architecture}{chapter.4}% 16
\BOOKMARK [0][-]{chapter.5}{Experiments and Results}{}% 17
\BOOKMARK [1][-]{section.5.1}{Scaling}{chapter.5}% 18
\BOOKMARK [1][-]{section.5.2}{Comparison of EffecientNet}{chapter.5}% 19
\BOOKMARK [1][-]{section.5.3}{Limitations}{chapter.5}% 20
